<?xml version="1.0" encoding="UTF-8"?>
<!-- Generated by org.testng.reporters.JUnitReportReporter -->
<testsuite skipped="0" hostname="HP_Laptop" name="com.stackroute.automation.testng.DemoTestNG01" tests="3" failures="0" timestamp="2020-08-18T15:53:16 IST" time="0.036" errors="0">
  <testcase name="demo02Test" time="0.013" classname="com.stackroute.automation.testng.DemoTestNG01"/>
  <testcase name="demo01Test" time="0.014" classname="com.stackroute.automation.testng.DemoTestNG01"/>
  <testcase name="demo02Test" time="0.009" classname="com.stackroute.automation.testng.DemoTestNG01"/>
</testsuite> <!-- com.stackroute.automation.testng.DemoTestNG01 -->
